<?xml version="1.0" encoding="UTF-8"?>
<testng-results ignored="0" total="1" passed="1" failed="0" skipped="0">
  <reporter-output>
  </reporter-output>
  <suite started-at="2023-02-27T16:16:43 IST" name="Default suite" finished-at="2023-02-27T16:16:56 IST" duration-ms="13207">
    <groups>
    </groups>
    <test started-at="2023-02-27T16:16:43 IST" name="Default test" finished-at="2023-02-27T16:16:56 IST" duration-ms="13207">
      <class name="testing.test1">
        <test-method is-config="true" signature="ClassConfiguration()[pri:0, instance:testing.test1@c88a337]" started-at="2023-02-27T16:16:43 IST" name="ClassConfiguration" finished-at="2023-02-27T16:16:43 IST" duration-ms="628" status="PASS">
          <reporter-output>
          </reporter-output>
        </test-method> <!-- ClassConfiguration -->
        <test-method is-config="true" signature="methodConfiguration()[pri:0, instance:testing.test1@c88a337]" started-at="2023-02-27T16:16:43 IST" name="methodConfiguration" finished-at="2023-02-27T16:16:51 IST" duration-ms="7420" status="PASS">
          <reporter-output>
          </reporter-output>
        </test-method> <!-- methodConfiguration -->
        <test-method signature="test1()[pri:0, instance:testing.test1@c88a337]" started-at="2023-02-27T16:16:51 IST" name="test1" finished-at="2023-02-27T16:16:56 IST" duration-ms="4924" status="PASS">
          <reporter-output>
          </reporter-output>
        </test-method> <!-- test1 -->
        <test-method is-config="true" signature="methodTearDown()[pri:0, instance:testing.test1@c88a337]" started-at="2023-02-27T16:16:56 IST" name="methodTearDown" finished-at="2023-02-27T16:16:56 IST" duration-ms="206" status="PASS">
          <reporter-output>
          </reporter-output>
        </test-method> <!-- methodTearDown -->
        <test-method is-config="true" signature="classTearDown()[pri:0, instance:testing.test1@c88a337]" started-at="2023-02-27T16:16:56 IST" name="classTearDown" finished-at="2023-02-27T16:16:56 IST" duration-ms="1" status="PASS">
          <reporter-output>
          </reporter-output>
        </test-method> <!-- classTearDown -->
      </class> <!-- testing.test1 -->
    </test> <!-- Default test -->
  </suite> <!-- Default suite -->
</testng-results>
